\BOOKMARK [1][-]{section.1}{Introduction}{}% 1
\BOOKMARK [2][-]{subsection.1.1}{Related Literature}{section.1}% 2
\BOOKMARK [2][-]{subsection.1.2}{Statement of Contribution}{section.1}% 3
\BOOKMARK [1][-]{section.2}{Problem Statement and Model Definition}{}% 4
\BOOKMARK [2][-]{subsection.2.1}{Population Matrix}{section.2}% 5
\BOOKMARK [2][-]{subsection.2.2}{News Sources}{section.2}% 6
\BOOKMARK [2][-]{subsection.2.3}{Existence of Connections}{section.2}% 7
\BOOKMARK [3][-]{subsubsection.2.3.1}{Connections Among Individuals}{subsection.2.3}% 8
\BOOKMARK [3][-]{subsubsection.2.3.2}{Connections Among Individuals and Sources}{subsection.2.3}% 9
\BOOKMARK [2][-]{subsection.2.4}{Importance of Connections}{section.2}% 10
\BOOKMARK [3][-]{subsubsection.2.4.1}{Connections Between Individuals}{subsection.2.4}% 11
\BOOKMARK [3][-]{subsubsection.2.4.2}{Connections Between Individuals and Sources}{subsection.2.4}% 12
\BOOKMARK [1][-]{section.3}{Theoretical Analysis and Results}{}% 13
\BOOKMARK [2][-]{subsection.3.1}{General Considerations}{section.3}% 14
\BOOKMARK [2][-]{subsection.3.2}{ns = 0}{section.3}% 15
\BOOKMARK [2][-]{subsection.3.3}{ns 2}{section.3}% 16
\BOOKMARK [2][-]{subsection.3.4}{ns = 1}{section.3}% 17
\BOOKMARK [2][-]{subsection.3.5}{Population network not strongly connected}{section.3}% 18
\BOOKMARK [1][-]{section.4}{Numerical Experiments}{}% 19
\BOOKMARK [2][-]{subsection.4.1}{Instruction Level}{section.4}% 20
\BOOKMARK [2][-]{subsection.4.2}{Society Diversity}{section.4}% 21
\BOOKMARK [2][-]{subsection.4.3}{Population manipulability}{section.4}% 22
\BOOKMARK [2][-]{subsection.4.4}{Polarization}{section.4}% 23
\BOOKMARK [1][-]{section.5}{Conclusion}{}% 24
\BOOKMARK [1][-]{section*.11}{References}{}% 25
